<html>
<head>
<title>TestNG:  Run All Tests</title>
<link href="../testng.css" rel="stylesheet" type="text/css" />
<link href="../my-testng.css" rel="stylesheet" type="text/css" />

<style type="text/css">
.log { display: none;} 
.stack-trace { display: none;} 
</style>
<script type="text/javascript">
<!--
function flip(e) {
  current = e.style.display;
  if (current == 'block') {
    e.style.display = 'none';
    return 0;
  }
  else {
    e.style.display = 'block';
    return 1;
  }
}

function toggleBox(szDivId, elem, msg1, msg2)
{
  var res = -1;  if (document.getElementById) {
    res = flip(document.getElementById(szDivId));
  }
  else if (document.all) {
    // this is the way old msie versions work
    res = flip(document.all[szDivId]);
  }
  if(elem) {
    if(res == 0) elem.innerHTML = msg1; else elem.innerHTML = msg2;
  }

}

function toggleAllBoxes() {
  if (document.getElementsByTagName) {
    d = document.getElementsByTagName('div');
    for (i = 0; i < d.length; i++) {
      if (d[i].className == 'log') {
        flip(d[i]);
      }
    }
  }
}

// -->
</script>

</head>
<body>
<h2 align='center'>Run All Tests</h2><table border='1' align="center">
<tr>
<td>Tests passed/Failed/Skipped:</td><td>4/1/0</td>
</tr><tr>
<td>Started on:</td><td>Wed Mar 25 16:20:54 EET 2020</td>
</tr>
<tr><td>Total time:</td><td>93 seconds (93495 ms)</td>
</tr><tr>
<td>Included groups:</td><td></td>
</tr><tr>
<td>Excluded groups:</td><td></td>
</tr>
</table><p/>
<small><i>(Hover the method name to see the test class name)</i></small><p/>
<table width='100%' border='1' class='invocation-failed'>
<tr><td colspan='4' align='center'><b>FAILED TESTS</b></td></tr>
<tr><td><b>Test method</b></td>
<td width="30%"><b>Exception</b></td>
<td width="10%"><b>Time (seconds)</b></td>
<td><b>Instance</b></td>
</tr>
<tr>
<td title='SampleTestCucumber.TestRunner.runScenario()'><b>runScenario</b><br>Test class: SampleTestCucumber.TestRunner<br>Test method: Runs Cucumber Scenarios<br>Parameters: "Submit a Success Feedback with comment and valid attachments", "Create Incident"</td>
<td><div><pre>java.lang.AssertionError: The following asserts failed:
	expected [Thank you for your message!] but found [Dear Customer,]
	at SampleTestCucumber.StepDefs.FunctionalTestStepDefs.he_should_be_navigated_to_success_page_with_message(FunctionalTestStepDefs.java:76)
	at ?.he should be navigated to success page with message &quot;Thank you for your message!&quot;(src/test/java/Features/FunctionalTest.feature:12)
... Removed 1 stack frames</pre></div><a href='#' onClick='toggleBox("stack-trace1706790953", this, "Click to show all stack frames", "Click to hide stack frames")'>Click to show all stack frames</a>
<div class='stack-trace' id='stack-trace1706790953'><pre>java.lang.AssertionError: The following asserts failed:
	expected [Thank you for your message!] but found [Dear Customer,]
	at org.testng.asserts.SoftAssert.assertAll(SoftAssert.java:42)
	at SampleTestCucumber.StepDefs.FunctionalTestStepDefs.he_should_be_navigated_to_success_page_with_message(FunctionalTestStepDefs.java:76)
	at ?.he should be navigated to success page with message &quot;Thank you for your message!&quot;(src/test/java/Features/FunctionalTest.feature:12)
</pre></div></td>
<td>9</td>
<td>SampleTestCucumber.TestRunner@33c7e1bb</td></tr>
</table><p>
<table width='100%' border='1' class='invocation-passed'>
<tr><td colspan='4' align='center'><b>PASSED TESTS</b></td></tr>
<tr><td><b>Test method</b></td>
<td width="30%"><b>Exception</b></td>
<td width="10%"><b>Time (seconds)</b></td>
<td><b>Instance</b></td>
</tr>
<tr>
<td title='SampleTestCucumber.TestRunner.runScenario()'><b>runScenario</b><br>Test class: SampleTestCucumber.TestRunner<br>Test method: Runs Cucumber Scenarios<br>Parameters: "Submit a Success Feedback with comment and valid attachments", "Create Incident"</td>
<td></td>
<td>14</td>
<td>SampleTestCucumber.TestRunner@33c7e1bb</td></tr>
<tr>
<td title='SampleTestCucumber.TestRunner.runScenario()'><b>runScenario</b><br>Test class: SampleTestCucumber.TestRunner<br>Test method: Runs Cucumber Scenarios<br>Parameters: "Perform Get request and verify that response return the valid Authorization value", "Create Incident"</td>
<td></td>
<td>3</td>
<td>SampleTestCucumber.TestRunner@33c7e1bb</td></tr>
<tr>
<td title='SampleTestCucumber.TestRunner.runScenario()'><b>runScenario</b><br>Test class: SampleTestCucumber.TestRunner<br>Test method: Runs Cucumber Scenarios<br>Parameters: "Perform Post request and verify that response return the valid Attachment ID", "Create Incident"</td>
<td></td>
<td>1</td>
<td>SampleTestCucumber.TestRunner@33c7e1bb</td></tr>
<tr>
<td title='SampleTestCucumber.TestRunner.runScenario()'><b>runScenario</b><br>Test class: SampleTestCucumber.TestRunner<br>Test method: Runs Cucumber Scenarios<br>Parameters: "Perform Post request and verify that response return the note status", "Create Incident"</td>
<td></td>
<td>0</td>
<td>SampleTestCucumber.TestRunner@33c7e1bb</td></tr>
</table><p>
</body>
</html>